<?xml version="1.0" encoding="UTF-8"?>
<!-- Generated by org.testng.reporters.JUnitReportReporter -->
<testsuite hostname="DESKTOP-SJ1N1UM" failures="0" tests="1" name="testCases.TC002_LoginTest" time="1.125" errors="0" timestamp="2024-09-18T14:08:00 IST" skipped="0">
  <testcase classname="testCases.TC002_LoginTest" name="verify_login" time="1.125"/>
</testsuite> <!-- testCases.TC002_LoginTest -->
