<?xml version="1.0" encoding="UTF-8"?>
<!-- Generated by org.testng.reporters.JUnitReportReporter -->
<testsuite hostname="DESKTOP-SJ1N1UM" failures="0" tests="1" name="testCases.TC004_SearchProductTest" time="3.815" errors="0" timestamp="2024-09-20T17:47:51 IST" skipped="0">
  <testcase classname="testCases.TC004_SearchProductTest" name="verify_productSearch" time="3.815"/>
</testsuite> <!-- testCases.TC004_SearchProductTest -->
