<?xml version="1.0" encoding="UTF-8"?>
<!-- Generated by org.testng.reporters.JUnitReportReporter -->
<testsuite hostname="DESKTOP-SJ1N1UM" failures="0" tests="1" name="testCases.TC006_EndToEndTest" time="27.226" errors="0" timestamp="2024-09-27T15:47:17 IST" skipped="0">
  <testcase classname="testCases.TC006_EndToEndTest" name="endToendTest" time="27.226"/>
</testsuite> <!-- testCases.TC006_EndToEndTest -->
