<?xml version="1.0" encoding="UTF-8"?>
<!-- Generated by org.testng.reporters.JUnitReportReporter -->
<testsuite hostname="DESKTOP-SJ1N1UM" failures="0" tests="1" name="testCases.TC005_AddToCartPageTest" time="5.233" errors="0" timestamp="2024-09-21T20:50:41 IST" skipped="0">
  <testcase classname="testCases.TC005_AddToCartPageTest" name="verify_productSearch" time="5.233"/>
</testsuite> <!-- testCases.TC005_AddToCartPageTest -->
